<?xml version="1.0" encoding="UTF-8"?>
<!-- Generated by org.testng.reporters.JUnitReportReporter -->
<testsuite skipped="0" hostname="Mohameds-MacBook-Air.local" name="saxena_Pro.TestCase1" tests="1" failures="0" timestamp="13 Jul 2019 17:41:10 GMT" time="9.193" errors="0">
  <testcase name="verifyThePageLaunch" time="9.193" classname="saxena_Pro.TestCase1"/>
</testsuite> <!-- saxena_Pro.TestCase1 -->
